obj Empty
obj Mesh.002
obj TireRIm.001
obj Mesh.003
obj FloorAO

Type of FloorAO is MESH
exporting object FloorAO
mesh_object is Mesh.027
mesh FloorAO with material Ambient Control
vertexes reduced from 48 to 17
faces 16
WARNING update material animation not yet supported
------------------------------------------
vertex groups False False 
obj Mesh.001
obj Mesh
obj TireBMW
obj Shell

Type of Shell is MESH
exporting object Shell
mesh_object is Mesh.023
mesh Shell with material Body
vertexes reduced from 7902 to 2278
faces 1984
WARNING update material animation not yet supported
WARNING the texture <bpy_struct, MaterialTextureSlot("MicroSpeckle")> has no Image, skip it
-----------------------------
vertex groups False False 

Type of Mesh.004 is MESH
exporting object Mesh.004
mesh_object is Mesh.063
mesh Mesh.004 with material Chrome
vertexes reduced from 160 to 48
faces 40
WARNING update material animation not yet supported
----------------------------------
vertex groups False False 

Type of Shell.001 is MESH
exporting object Shell.001
mesh_object is Mesh.060
mesh Shell.001 with material Material.002
vertexes reduced from 136 to 36
faces 34
WARNING update material animation not yet supported
-----------------------------------------
vertex groups False False 

Type of Light.001 is MESH
exporting object Light.001
mesh_object is Mesh.062
mesh Light.001 with material Glass.Tinted
vertexes reduced from 36 to 20
faces 9
WARNING update material animation not yet supported
-----------------------------------------
vertex groups False False 

Type of Window.001 is MESH
exporting object Window.001
mesh_object is Mesh.061
mesh Window.001 with material Glass.Tinted
vertexes reduced from 128 to 58
faces 32
------------------------------------------
vertex groups False False 

Type of Lamp.003 is LAMP

Type of Lamp.002 is LAMP

Type of Softbox is LAMP

Type of Lamp is LAMP

Type of Lamp.001 is LAMP

Type of LightInterior.005 is MESH
exporting object LightInterior.005
mesh_object is Mesh.022
mesh LightInterior.005 with material HeadLightGlass
vertexes 416
faces 104
WARNING update material animation not yet supported
---------------------------------------------------
vertex groups False False 

Type of LightInterior is MESH
exporting object LightInterior
mesh_object is Mesh.045
mesh LightInterior with material ChromeMatte
vertexes reduced from 136 to 51
faces 34
WARNING update material animation not yet supported
--------------------------------------------
vertex groups False False 

Type of LightInterior.003 is MESH
exporting object LightInterior.003
mesh_object is Mesh.018
mesh LightInterior.003 with material Chrome
vertexes reduced from 2544 to 670
faces 636
-------------------------------------------
vertex groups False False 

Type of LightInterior.004 is MESH
exporting object LightInterior.004
mesh_object is Mesh.021
mesh LightInterior.004 with material ChromeMatte
vertexes reduced from 240 to 58
faces 64
------------------------------------------------
vertex groups False False 

Type of LightInterior.006 is MESH
exporting object LightInterior.006
mesh_object is Mesh.001
mesh LightInterior.006 with material ChromeMatte
vertexes reduced from 216 to 56
faces 54
------------------------------------------------
vertex groups False False 

Type of LightInterior.002 is MESH
exporting object LightInterior.002
mesh_object is Mesh.015
mesh LightInterior.002 with material Chrome
vertexes reduced from 1280 to 350
faces 320
-------------------------------------------
vertex groups False False 

Type of LightInterior.001 is MESH
exporting object LightInterior.001
mesh_object is Mesh.004
mesh LightInterior.001 with material AngelEye
vertexes reduced from 192 to 186
faces 48
WARNING update material animation not yet supported
WARNING the texture <bpy_struct, MaterialTextureSlot("Texture.002")> has no Image, skip it
---------------------------------------------
vertex groups False False 

Type of Light is MESH
exporting object Light
mesh_object is Mesh.046
mesh Light with material HeadLightGlass
vertexes reduced from 72 to 30
faces 18
---------------------------------------
vertex groups False False 

Type of Internal is MESH
exporting object Internal
mesh_object is Mesh.016
mesh Internal with material Internal
vertexes reduced from 185 to 66
faces 51
WARNING update material animation not yet supported
------------------------------------
vertex groups False False 

Type of BreakLight is MESH
exporting object BreakLight
mesh_object is Mesh.054
mesh BreakLight with material BreakLight
vertexes reduced from 240 to 81
faces 60
uvs channels 1 - dict_keys(['UVTex'])
WARNING update material animation not yet supported
----------------------------------------
vertex groups False False 

Type of Mirror is MESH
exporting object Mirror
mesh_object is Mesh.050
mesh Mirror with material Mirror
vertexes reduced from 64 to 25
faces 16
WARNING update material animation not yet supported
--------------------------------
vertex groups False False 

Type of InteriorUpper is MESH
exporting object InteriorUpper
mesh_object is Mesh.020
mesh InteriorUpper with material Interior
vertexes reduced from 675 to 212
faces 169
WARNING update material animation not yet supported
-----------------------------------------
vertex groups False False 

Type of BlackTrimming is MESH
exporting object BlackTrimming
mesh_object is Mesh.024
mesh BlackTrimming with material MatteBlack
vertexes reduced from 1090 to 291
faces 274
WARNING update material animation not yet supported
-------------------------------------------
vertex groups False False 

Type of InteriorLower is MESH
exporting object InteriorLower
mesh_object is Mesh.013
mesh InteriorLower with material Interior
vertexes reduced from 908 to 269
faces 227
-----------------------------------------
vertex groups False False 

Type of Window is MESH
exporting object Window
mesh_object is Mesh.040
mesh Window with material Glass
vertexes reduced from 5440 to 1779
faces 1360
uvs channels 1 - dict_keys(['UVTex'])
WARNING update material animation not yet supported
-------------------------------
vertex groups False False 

Type of Grill is MESH
exporting object Grill
mesh_object is Mesh.010
mesh Grill with material grill
vertexes reduced from 1140 to 316
faces 285
WARNING update material animation not yet supported
------------------------------
vertex groups False False 

Type of GrillRim is MESH
exporting object GrillRim
mesh_object is Mesh.011
mesh GrillRim with material Chrome
vertexes reduced from 280 to 87
faces 70
----------------------------------
vertex groups False False 

Type of FogLight is MESH
exporting object FogLight
mesh_object is Mesh.014
mesh FogLight with material Foglight
vertexes reduced from 40 to 22
faces 10
WARNING update material animation not yet supported
------------------------------------
vertex groups False False 

Type of Meshed is MESH
exporting object Meshed
mesh_object is Mesh.019
mesh Meshed with material Matte
vertexes reduced from 25844 to 23302
faces 7922
WARNING update material animation not yet supported
-------------------------------
vertex groups False False 

Type of Tire is EMPTY
resolving Break for Tire offset <Vector (0.0000, 0.0000, 0.0000)>
object <bpy_struct, Object("Mesh.003")>

Type of Mesh.003 is MESH
exporting object Mesh.003
mesh_object is Mesh.028
mesh Mesh.003 with material Material.001
vertexes reduced from 808 to 181
faces 202
WARNING update material animation not yet supported
----------------------------------------
vertex groups False False 
object <bpy_struct, Object("Mesh.001")>

Type of Mesh.001 is MESH
exporting object Mesh.001
mesh_object is Mesh.026
mesh Mesh.001 with material Internal
vertexes reduced from 192 to 51
faces 48
------------------------------------
vertex groups False False 
object <bpy_struct, Object("Mesh")>

Type of Mesh is MESH
exporting object Mesh
mesh_object is Mesh.009
mesh Mesh with material BreakPad
vertexes reduced from 896 to 224
faces 224
uvs channels 1 - dict_keys(['UVTex'])
WARNING update material animation not yet supported
--------------------------------
vertex groups False False 

Type of Tire.006 is EMPTY
resolving Break for Tire.006 offset <Vector (0.0000, 0.0000, 0.0000)>
object <bpy_struct, Object("Mesh.003")>

use referenced item for Mesh.003 MESH
object <bpy_struct, Object("Mesh.001")>

use referenced item for Mesh.001 MESH
object <bpy_struct, Object("Mesh")>

use referenced item for Mesh MESH

Type of Tire.007 is EMPTY
resolving Break for Tire.007 offset <Vector (0.0000, 0.0000, 0.0000)>
object <bpy_struct, Object("Mesh.003")>

use referenced item for Mesh.003 MESH
object <bpy_struct, Object("Mesh.001")>

use referenced item for Mesh.001 MESH
object <bpy_struct, Object("Mesh")>

use referenced item for Mesh MESH

Type of Tire.005 is EMPTY
resolving Break for Tire.005 offset <Vector (0.0000, 0.0000, 0.0000)>
object <bpy_struct, Object("Mesh.003")>

use referenced item for Mesh.003 MESH
object <bpy_struct, Object("Mesh.001")>

use referenced item for Mesh.001 MESH
object <bpy_struct, Object("Mesh")>

use referenced item for Mesh MESH

Type of MeshedCenter is MESH
exporting object MeshedCenter
mesh_object is Mesh.017
mesh MeshedCenter with material Matte
vertexes reduced from 12922 to 10233
faces 3961
-------------------------------------
vertex groups False False 

Type of Font.001 is MESH
exporting object Font.001
mesh_object is Mesh.064
mesh Font.001 with material Chrome
vertexes reduced from 4176 to 1330
faces 1118
----------------------------------
vertex groups False False 

Type of BMWBadge.001 is EMPTY
resolving Badge for BMWBadge.001 offset <Vector (0.0000, 0.0000, 0.0000)>
object <bpy_struct, Object("BMWBlue")>

Type of BMWBlue is MESH
exporting object BMWBlue
mesh_object is Mesh.002
mesh BMWBlue with material BMWBlue
vertexes reduced from 176 to 40
faces 52
WARNING update material animation not yet supported
----------------------------------
vertex groups False False 
object <bpy_struct, Object("BMWBlack")>

Type of BMWBlack is MESH
exporting object BMWBlack
mesh_object is Mesh.006
mesh BMWBlack with material BMWBlack
vertexes reduced from 64 to 32
faces 16
WARNING update material animation not yet supported
------------------------------------
vertex groups False False 
object <bpy_struct, Object("BMWRim")>

Type of BMWRim is MESH
exporting object BMWRim
mesh_object is Mesh.005
mesh BMWRim with material BMWSilver
vertexes reduced from 1984 to 500
faces 496
WARNING update material animation not yet supported
-----------------------------------
vertex groups False False 
object <bpy_struct, Object("BMWWhite")>

Type of BMWWhite is MESH
exporting object BMWWhite
mesh_object is Mesh.003
mesh BMWWhite with material BMWWhite
vertexes reduced from 176 to 40
faces 52
WARNING update material animation not yet supported
------------------------------------
vertex groups False False 
object <bpy_struct, Object("BMWText")>

Type of BMWText is MESH
exporting object BMWText
mesh_object is Mesh
mesh BMWText with material BMWSilver
vertexes reduced from 882 to 202
faces 241
------------------------------------
vertex groups False False 

Type of BMWBadge is EMPTY
resolving Badge for BMWBadge offset <Vector (0.0000, 0.0000, 0.0000)>
object <bpy_struct, Object("BMWBlue")>

use referenced item for BMWBlue MESH
object <bpy_struct, Object("BMWBlack")>

use referenced item for BMWBlack MESH
object <bpy_struct, Object("BMWRim")>

use referenced item for BMWRim MESH
object <bpy_struct, Object("BMWWhite")>

use referenced item for BMWWhite MESH
object <bpy_struct, Object("BMWText")>

use referenced item for BMWText MESH

Type of Tire.003 is EMPTY
Exporting animation on object <bpy_struct, Object("Tire.003")>
Baking constraints <bpy_collection[1], ObjectConstraints>
time 1.0 0.041666666666666664 24
time 100.0 4.166666666666667 24
time 1.0 0.041666666666666664 24
time 100.0 4.166666666666667 24
time 1.0 0.041666666666666664 24
time 100.0 4.166666666666667 24
time 1.0 0.041666666666666664 24
time 100.0 4.166666666666667 24
time 1.0 0.041666666666666664 24
time 100.0 4.166666666666667 24
resolving Tire for Tire.003 offset <Vector (0.0000, 0.0000, 0.0000)>
object <bpy_struct, Object("Mesh.002")>

Type of Mesh.002 is MESH
exporting object Mesh.002
mesh_object is Mesh.067
mesh Mesh.002 with material RIm
vertexes reduced from 3430 to 965
faces 860
WARNING update material animation not yet supported
-------------------------------
vertex groups False False 
object <bpy_struct, Object("TireRIm.001")>

Type of TireRIm.001 is MESH
exporting object TireRIm.001
mesh_object is Mesh.031
mesh TireRIm.001 with material Bolt
vertexes reduced from 570 to 155
faces 150
WARNING update material animation not yet supported
-----------------------------------
vertex groups False False 
object <bpy_struct, Object("TireBMW")>

Type of TireBMW is MESH
exporting object TireBMW
mesh_object is Mesh.059
mesh TireBMW with material BMWSilver
vertexes reduced from 8818 to 2190
faces 2225
------------------------------------
mesh TireBMW with material BMWWhite
vertexes reduced from 176 to 40
faces 52
-----------------------------------
mesh TireBMW with material BMWBlack
vertexes reduced from 256 to 96
faces 64
-----------------------------------
mesh TireBMW with material BMWBlue
vertexes reduced from 176 to 40
faces 52
----------------------------------
vertex groups False False 
object <bpy_struct, Object("Tire.008")>

Type of Tire.008 is MESH
exporting object Tire.008
mesh_object is Mesh.030
mesh Tire.008 with material TireRubber
vertexes reduced from 36040 to 9222
faces 9063
uvs channels 1 - dict_keys(['UVTex'])
WARNING update material animation not yet supported
--------------------------------------
vertex groups False False 

Type of Tire.004 is EMPTY
Exporting animation on object <bpy_struct, Object("Tire.004")>
Baking constraints <bpy_collection[1], ObjectConstraints>
time 1.0 0.041666666666666664 24
time 100.0 4.166666666666667 24
time 1.0 0.041666666666666664 24
time 100.0 4.166666666666667 24
time 1.0 0.041666666666666664 24
time 100.0 4.166666666666667 24
time 1.0 0.041666666666666664 24
time 100.0 4.166666666666667 24
time 1.0 0.041666666666666664 24
time 100.0 4.166666666666667 24
resolving Tire for Tire.004 offset <Vector (0.0000, 0.0000, 0.0000)>
object <bpy_struct, Object("Mesh.002")>

use referenced item for Mesh.002 MESH
object <bpy_struct, Object("TireRIm.001")>

use referenced item for TireRIm.001 MESH
object <bpy_struct, Object("TireBMW")>

use referenced item for TireBMW MESH
object <bpy_struct, Object("Tire.008")>

use referenced item for Tire.008 MESH

Type of Tire.002 is EMPTY
Exporting animation on object <bpy_struct, Object("Tire.002")>
Baking constraints <bpy_collection[1], ObjectConstraints>
time 1.0 0.041666666666666664 24
time 100.0 4.166666666666667 24
time 1.0 0.041666666666666664 24
time 100.0 4.166666666666667 24
time 1.0 0.041666666666666664 24
time 100.0 4.166666666666667 24
time 1.0 0.041666666666666664 24
time 100.0 4.166666666666667 24
time 1.0 0.041666666666666664 24
time 100.0 4.166666666666667 24
resolving Tire for Tire.002 offset <Vector (0.0000, 0.0000, 0.0000)>
object <bpy_struct, Object("Mesh.002")>

use referenced item for Mesh.002 MESH
object <bpy_struct, Object("TireRIm.001")>

use referenced item for TireRIm.001 MESH
object <bpy_struct, Object("TireBMW")>

use referenced item for TireBMW MESH
object <bpy_struct, Object("Tire.008")>

use referenced item for Tire.008 MESH

Type of Tire.001 is EMPTY
Exporting animation on object <bpy_struct, Object("Tire.001")>
Baking constraints <bpy_collection[1], ObjectConstraints>
time 1.0 0.041666666666666664 24
time 100.0 4.166666666666667 24
time 1.0 0.041666666666666664 24
time 100.0 4.166666666666667 24
time 1.0 0.041666666666666664 24
time 100.0 4.166666666666667 24
time 1.0 0.041666666666666664 24
time 100.0 4.166666666666667 24
time 1.0 0.041666666666666664 24
time 100.0 4.166666666666667 24
resolving Tire for Tire.001 offset <Vector (0.0000, 0.0000, 0.0000)>
object <bpy_struct, Object("Mesh.002")>

use referenced item for Mesh.002 MESH
object <bpy_struct, Object("TireRIm.001")>

use referenced item for TireRIm.001 MESH
object <bpy_struct, Object("TireBMW")>

use referenced item for TireBMW MESH
object <bpy_struct, Object("Tire.008")>

use referenced item for Tire.008 MESH
obj Mesh.004
obj Shell.001
obj Light.001
obj Window.001
obj Lamp.003
obj Lamp.002
obj Softbox
obj Lamp
obj Lamp.001
obj LightInterior.005
obj LightInterior
obj LightInterior.003
obj LightInterior.004
obj LightInterior.006
obj LightInterior.002
obj LightInterior.001
obj Light
obj Internal
obj BreakLight
obj Mirror
obj InteriorUpper
obj BlackTrimming
obj InteriorLower
obj Window
obj Grill
obj GrillRim
obj FogLight
obj Meshed
obj Tire
obj Tire.006
obj Tire.007
obj Tire.005
obj MeshedCenter
obj Font.001
obj BMWBlue
obj Target

Type of Target is EMPTY

Type of Camera is CAMERA
Exporting animation on object <bpy_struct, Object("Camera")>
Baking constraints <bpy_collection[1], ObjectConstraints>
time 1.0 0.041666666666666664 24
time 100.0 4.166666666666667 24
time 1.0 0.041666666666666664 24
time 100.0 4.166666666666667 24
time 1.0 0.041666666666666664 24
time 100.0 4.166666666666667 24
time 1.0 0.041666666666666664 24
time 100.0 4.166666666666667 24
time 1.0 0.041666666666666664 24
time 100.0 4.166666666666667 24
obj Camera
obj Floor

Type of Floor is MESH
exporting object Floor
mesh_object is Mesh.012
mesh Floor with material Material
vertexes reduced from 176 to 49
faces 48
WARNING update material animation not yet supported
---------------------------------
vertex groups False False 
obj Lightbox

Type of Lightbox is MESH
exporting object Lightbox
mesh_object is Mesh.007
mesh Lightbox with material StudioLightPanel
vertexes 4
faces 1
WARNING update material animation not yet supported
--------------------------------------------
vertex groups False False 
obj BMWBlack
obj BMWRim
obj BMWWhite
obj BMWText
obj BMWBadge.001
obj BMWBadge
obj Tire.008
obj Tire.003
obj Tire.004
obj Tire.002
obj Tire.001
geode GeodeMesh.027
geode GeodeMesh.063
geode GeodeMesh.060
geode GeodeMesh.062
geode GeodeMesh.061
geode GeodeMesh.022
geode GeodeMesh.045
geode GeodeMesh.018
geode GeodeMesh.021
geode GeodeMesh.001
geode GeodeMesh.015
geode GeodeMesh.004
geode GeodeMesh.046
geode GeodeMesh.016
geode GeodeMesh.054
geode GeodeMesh.050
geode GeodeMesh.020
geode GeodeMesh.024
geode GeodeMesh.013
geode GeodeMesh.040
geode GeodeMesh.010
geode GeodeMesh.011
geode GeodeMesh.014
geode GeodeMesh.019
geode GeodeMesh.028
geode GeodeMesh.026
geode GeodeMesh.009
geode GeodeMesh.028
geode GeodeMesh.026
geode GeodeMesh.009
geode GeodeMesh.028
geode GeodeMesh.026
geode GeodeMesh.009
geode GeodeMesh.028
geode GeodeMesh.026
geode GeodeMesh.009
geode GeodeMesh.017
geode GeodeMesh.064
geode GeodeMesh.002
geode GeodeMesh.006
geode GeodeMesh.005
geode GeodeMesh.003
geode GeodeMesh
geode GeodeMesh.002
geode GeodeMesh.006
geode GeodeMesh.005
geode GeodeMesh.003
geode GeodeMesh
geode GeodeMesh.067
geode GeodeMesh.031
geode GeodeMesh.059
geode GeodeMesh.030
geode GeodeMesh.067
geode GeodeMesh.031
geode GeodeMesh.059
geode GeodeMesh.030
geode GeodeMesh.067
geode GeodeMesh.031
geode GeodeMesh.059
geode GeodeMesh.030
geode GeodeMesh.067
geode GeodeMesh.031
geode GeodeMesh.059
geode GeodeMesh.030
geode GeodeMesh.012
geode GeodeMesh.007
write file to /home/heroadm/Programowanie/MasterThesis/Blender/mikepan_bmw3v3.osgt
packed file, save it to /home/heroadm/Programowanie/MasterThesis/Blender/textures/wm_normal_abb.jpg
packed file, save it to /home/heroadm/Programowanie/MasterThesis/Blender/textures/Taillight.png
packed file, save it to /home/heroadm/Programowanie/MasterThesis/Blender/textures/backwindow.png
packed file, save it to /home/heroadm/Programowanie/MasterThesis/Blender/textures/sidewall.jpg
Check log file /home/heroadm/Programowanie/MasterThesis/Blender/mikepan_bmw3v3.log
